2026-01-10T19:34:23.177+05:30  INFO 21348 --- [petcare-backend] [restartedMain] com.pets.petcare.PetcareApplication      : Starting PetcareApplication using Java 17.0.15 with PID 21348 (C:\Users\bharg\Desktop\bhargavi-Project-PetCare\petcare\target\classes started by bharg in C:\Users\bharg\Desktop\bhargavi-Project-PetCare\petcare)
2026-01-10T19:34:23.180+05:30 DEBUG 21348 --- [petcare-backend] [restartedMain] com.pets.petcare.PetcareApplication      : Running with Spring Boot v3.5.8, Spring v6.2.14
2026-01-10T19:34:23.180+05:30  INFO 21348 --- [petcare-backend] [restartedMain] com.pets.petcare.PetcareApplication      : No active profile set, falling back to 1 default profile: "default"
2026-01-10T19:34:23.252+05:30  INFO 21348 --- [petcare-backend] [restartedMain] .e.DevToolsPropertyDefaultsPostProcessor : Devtools property defaults active! Set 'spring.devtools.add-properties' to 'false' to disable
2026-01-10T19:34:23.253+05:30  INFO 21348 --- [petcare-backend] [restartedMain] .e.DevToolsPropertyDefaultsPostProcessor : For additional web related logging consider setting the 'logging.level.web' property to 'DEBUG'
2026-01-10T19:34:24.555+05:30  INFO 21348 --- [petcare-backend] [restartedMain] .s.d.r.c.RepositoryConfigurationDelegate : Bootstrapping Spring Data JPA repositories in DEFAULT mode.
2026-01-10T19:34:24.744+05:30  INFO 21348 --- [petcare-backend] [restartedMain] .s.d.r.c.RepositoryConfigurationDelegate : Finished Spring Data repository scanning in 182 ms. Found 21 JPA repository interfaces.
2026-01-10T19:34:25.995+05:30  INFO 21348 --- [petcare-backend] [restartedMain] o.s.b.w.embedded.tomcat.TomcatWebServer  : Tomcat initialized with port 8080 (http)
2026-01-10T19:34:26.026+05:30  INFO 21348 --- [petcare-backend] [restartedMain] o.apache.catalina.core.StandardService   : Starting service [Tomcat]
2026-01-10T19:34:26.027+05:30  INFO 21348 --- [petcare-backend] [restartedMain] o.apache.catalina.core.StandardEngine    : Starting Servlet engine: [Apache Tomcat/10.1.49]
2026-01-10T19:34:26.109+05:30  INFO 21348 --- [petcare-backend] [restartedMain] o.a.c.c.C.[Tomcat].[localhost].[/]       : Initializing Spring embedded WebApplicationContext
2026-01-10T19:34:26.109+05:30  INFO 21348 --- [petcare-backend] [restartedMain] w.s.c.ServletWebServerApplicationContext : Root WebApplicationContext: initialization completed in 2855 ms
2026-01-10T19:34:26.209+05:30 DEBUG 21348 --- [petcare-backend] [restartedMain] c.p.p.security.JwtAuthenticationFilter   : Filter 'jwtAuthenticationFilter' configured for use
2026-01-10T19:34:26.420+05:30  INFO 21348 --- [petcare-backend] [restartedMain] o.hibernate.jpa.internal.util.LogHelper  : HHH000204: Processing PersistenceUnitInfo [name: default]
2026-01-10T19:34:26.524+05:30  INFO 21348 --- [petcare-backend] [restartedMain] org.hibernate.Version                    : HHH000412: Hibernate ORM core version 6.6.36.Final
2026-01-10T19:34:26.577+05:30  INFO 21348 --- [petcare-backend] [restartedMain] o.h.c.internal.RegionFactoryInitiator    : HHH000026: Second-level cache disabled
2026-01-10T19:34:26.990+05:30  INFO 21348 --- [petcare-backend] [restartedMain] o.s.o.j.p.SpringPersistenceUnitInfo      : No LoadTimeWeaver setup: ignoring JPA class transformer
2026-01-10T19:34:27.029+05:30  INFO 21348 --- [petcare-backend] [restartedMain] com.zaxxer.hikari.HikariDataSource       : HikariPool-1 - Starting...
2026-01-10T19:34:27.523+05:30  INFO 21348 --- [petcare-backend] [restartedMain] com.zaxxer.hikari.pool.HikariPool        : HikariPool-1 - Added connection com.mysql.cj.jdbc.ConnectionImpl@29a41a9
2026-01-10T19:34:27.527+05:30  INFO 21348 --- [petcare-backend] [restartedMain] com.zaxxer.hikari.HikariDataSource       : HikariPool-1 - Start completed.
2026-01-10T19:34:27.602+05:30  WARN 21348 --- [petcare-backend] [restartedMain] org.hibernate.orm.deprecation            : HHH90000025: MySQL8Dialect does not need to be specified explicitly using 'hibernate.dialect' (remove the property setting and it will be selected by default)
2026-01-10T19:34:27.602+05:30  WARN 21348 --- [petcare-backend] [restartedMain] org.hibernate.orm.deprecation            : HHH90000026: MySQL8Dialect has been deprecated; use org.hibernate.dialect.MySQLDialect instead
2026-01-10T19:34:27.629+05:30  INFO 21348 --- [petcare-backend] [restartedMain] org.hibernate.orm.connections.pooling    : HHH10001005: Database info:
	Database JDBC URL [Connecting through datasource 'HikariDataSource (HikariPool-1)']
	Database driver: undefined/unknown
	Database version: 8.0
	Autocommit mode: undefined/unknown
	Isolation level: undefined/unknown
	Minimum pool size: undefined/unknown
	Maximum pool size: undefined/unknown
2026-01-10T19:34:29.244+05:30  INFO 21348 --- [petcare-backend] [restartedMain] o.h.e.t.j.p.i.JtaPlatformInitiator       : HHH000489: No JTA platform available (set 'hibernate.transaction.jta.platform' to enable JTA platform integration)
2026-01-10T19:34:29.527+05:30  INFO 21348 --- [petcare-backend] [restartedMain] j.LocalContainerEntityManagerFactoryBean : Initialized JPA EntityManagerFactory for persistence unit 'default'
2026-01-10T19:34:29.827+05:30  INFO 21348 --- [petcare-backend] [restartedMain] o.s.d.j.r.query.QueryEnhancerFactory     : Hibernate is in classpath; If applicable, HQL parser will be used.
2026-01-10T19:34:34.770+05:30 ERROR 21348 --- [petcare-backend] [restartedMain] com.paypal.base.HttpConnection           : Response code: 401	Error response: {"error":"invalid_client","error_description":"Client Authentication failed"}
2026-01-10T19:34:34.824+05:30  WARN 21348 --- [petcare-backend] [restartedMain] com.pets.petcare.config.PayPalConfig     : Failed to initialize PayPal API context: Response code: 401	Error response: {"error":"invalid_client","error_description":"Client Authentication failed"}. Using mock mode.
2026-01-10T19:34:35.358+05:30  WARN 21348 --- [petcare-backend] [restartedMain] JpaBaseConfiguration$JpaWebConfiguration : spring.jpa.open-in-view is enabled by default. Therefore, database queries may be performed during view rendering. Explicitly configure spring.jpa.open-in-view to disable this warning
2026-01-10T19:34:35.910+05:30  WARN 21348 --- [petcare-backend] [restartedMain] .s.s.UserDetailsServiceAutoConfiguration : 

Using generated security password: 157f9f87-618f-482e-a94c-7902f4e775fa

This generated password is for development use only. Your security configuration must be updated before running your application in production.

2026-01-10T19:34:35.932+05:30  INFO 21348 --- [petcare-backend] [restartedMain] r$InitializeUserDetailsManagerConfigurer : Global AuthenticationManager configured with UserDetailsService bean with name inMemoryUserDetailsManager
2026-01-10T19:34:36.098+05:30  WARN 21348 --- [petcare-backend] [restartedMain] thorizationManagerRequestMatcherRegistry : One of the patterns in [PUT, /api/vendors/*/orders/*/status] is missing a leading slash. This is discouraged; please include the leading slash in all your request matcher patterns. In future versions of Spring Security, leaving out the leading slash will result in an exception.
2026-01-10T19:34:36.105+05:30  WARN 21348 --- [petcare-backend] [restartedMain] thorizationManagerRequestMatcherRegistry : One of the patterns in [OPTIONS, /api/vendors/**] is missing a leading slash. This is discouraged; please include the leading slash in all your request matcher patterns. In future versions of Spring Security, leaving out the leading slash will result in an exception.
2026-01-10T19:34:36.110+05:30  WARN 21348 --- [petcare-backend] [restartedMain] thorizationManagerRequestMatcherRegistry : One of the patterns in [GET, /api/products/**] is missing a leading slash. This is discouraged; please include the leading slash in all your request matcher patterns. In future versions of Spring Security, leaving out the leading slash will result in an exception.
2026-01-10T19:34:36.768+05:30  INFO 21348 --- [petcare-backend] [restartedMain] o.s.b.d.a.OptionalLiveReloadServer       : LiveReload server is running on port 35729
2026-01-10T19:34:36.843+05:30  INFO 21348 --- [petcare-backend] [restartedMain] o.s.b.w.embedded.tomcat.TomcatWebServer  : Tomcat started on port 8080 (http) with context path '/'
2026-01-10T19:34:36.891+05:30  INFO 21348 --- [petcare-backend] [restartedMain] com.pets.petcare.PetcareApplication      : Started PetcareApplication in 14.317 seconds (process running for 15.111)
2026-01-10T19:34:37.143+05:30 DEBUG 21348 --- [petcare-backend] [scheduling-1] c.p.petcare.service.OtpCleanupScheduler  : Starting hourly OTP cleanup...
2026-01-10T19:34:37.195+05:30  INFO 21348 --- [petcare-backend] [scheduling-1] com.pets.petcare.service.OtpService      : Cleaned up 0 expired OTPs older than 24 hours
2026-01-10T19:34:37.195+05:30 DEBUG 21348 --- [petcare-backend] [scheduling-1] c.p.petcare.service.OtpCleanupScheduler  : Hourly OTP cleanup completed
2026-01-10T19:35:20.908+05:30  INFO 21348 --- [petcare-backend] [http-nio-8080-exec-1] o.a.c.c.C.[Tomcat].[localhost].[/]       : Initializing Spring DispatcherServlet 'dispatcherServlet'
2026-01-10T19:35:20.908+05:30  INFO 21348 --- [petcare-backend] [http-nio-8080-exec-1] o.s.web.servlet.DispatcherServlet        : Initializing Servlet 'dispatcherServlet'
2026-01-10T19:35:20.908+05:30  INFO 21348 --- [petcare-backend] [http-nio-8080-exec-1] o.s.web.servlet.DispatcherServlet        : Completed initialization in 0 ms
2026-01-10T19:35:21.209+05:30  INFO 21348 --- [petcare-backend] [http-nio-8080-exec-1] c.p.petcare.controller.AuthController    : >>> [AuthController] Received LOGIN OTP request for: bhargavi123ammu@gmail.com
2026-01-10T19:35:21.209+05:30  INFO 21348 --- [petcare-backend] [http-nio-8080-exec-1] com.pets.petcare.service.AuthService     : Initiating login for email: bhargavi123ammu@gmail.com
2026-01-10T19:35:21.249+05:30  INFO 21348 --- [petcare-backend] [http-nio-8080-exec-1] com.pets.petcare.service.AuthService     : User found and active, generating OTP for: bhargavi123ammu@gmail.com
2026-01-10T19:35:21.249+05:30  INFO 21348 --- [petcare-backend] [http-nio-8080-exec-1] com.pets.petcare.service.OtpService      : Generating OTP for email: bhargavi123ammu@gmail.com with type: LOGIN
2026-01-10T19:35:21.267+05:30  INFO 21348 --- [petcare-backend] [http-nio-8080-exec-1] com.pets.petcare.service.OtpService      : Cleaned up 1 expired OTPs for email: bhargavi123ammu@gmail.com
2026-01-10T19:35:21.298+05:30  INFO 21348 --- [petcare-backend] [http-nio-8080-exec-1] com.pets.petcare.service.OtpService      : Found 0 existing unused OTPs for email: bhargavi123ammu@gmail.com
2026-01-10T19:35:21.299+05:30 DEBUG 21348 --- [petcare-backend] [http-nio-8080-exec-1] com.pets.petcare.service.OtpService      : Generated new OTP for email: bhargavi123ammu@gmail.com
2026-01-10T19:35:21.313+05:30  INFO 21348 --- [petcare-backend] [http-nio-8080-exec-1] com.pets.petcare.service.OtpService      : Saved OTP token with ID: 259 for email: bhargavi123ammu@gmail.com
2026-01-10T19:35:21.313+05:30  INFO 21348 --- [petcare-backend] [http-nio-8080-exec-1] com.pets.petcare.service.EmailService    : Generating OTP for bhargavi123ammu@gmail.com: 317016
2026-01-10T19:35:26.078+05:30  INFO 21348 --- [petcare-backend] [http-nio-8080-exec-1] com.pets.petcare.service.EmailService    : OTP email sent successfully to: bhargavi123ammu@gmail.com
2026-01-10T19:35:26.078+05:30  INFO 21348 --- [petcare-backend] [http-nio-8080-exec-1] com.pets.petcare.service.OtpService      : OTP generated and sent successfully to: bhargavi123ammu@gmail.com
2026-01-10T19:35:41.331+05:30  INFO 21348 --- [petcare-backend] [http-nio-8080-exec-3] com.pets.petcare.service.OtpService      : OTP verified successfully for email: bhargavi123ammu@gmail.com
2026-01-10T19:35:41.423+05:30  INFO 21348 --- [petcare-backend] [http-nio-8080-exec-3] com.pets.petcare.service.AuthService     : User logged in successfully: bhargavi123ammu@gmail.com
2026-01-10T19:36:16.284+05:30  INFO 21348 --- [petcare-backend] [File Watcher] rtingClassPathChangeChangedEventListener : Restarting due to 9 class path changes (0 additions, 0 deletions, 9 modifications)
2026-01-10T19:36:16.284+05:30  INFO 21348 --- [petcare-backend] [Thread-5] o.s.b.w.e.tomcat.GracefulShutdown        : Commencing graceful shutdown. Waiting for active requests to complete
2026-01-10T19:36:16.505+05:30  INFO 21348 --- [petcare-backend] [tomcat-shutdown] o.s.b.w.e.tomcat.GracefulShutdown        : Graceful shutdown complete
2026-01-10T19:36:16.505+05:30  INFO 21348 --- [petcare-backend] [Thread-5] j.LocalContainerEntityManagerFactoryBean : Closing JPA EntityManagerFactory for persistence unit 'default'
2026-01-10T19:36:16.522+05:30  INFO 21348 --- [petcare-backend] [Thread-5] com.zaxxer.hikari.HikariDataSource       : HikariPool-1 - Shutdown initiated...
2026-01-10T19:36:16.525+05:30  INFO 21348 --- [petcare-backend] [Thread-5] com.zaxxer.hikari.HikariDataSource       : HikariPool-1 - Shutdown completed.
2026-01-10T19:36:16.588+05:30  INFO 21348 --- [petcare-backend] [restartedMain] com.pets.petcare.PetcareApplication      : Starting PetcareApplication using Java 17.0.15 with PID 21348 (C:\Users\bharg\Desktop\bhargavi-Project-PetCare\petcare\target\classes started by bharg in C:\Users\bharg\Desktop\bhargavi-Project-PetCare\petcare)
2026-01-10T19:36:16.588+05:30 DEBUG 21348 --- [petcare-backend] [restartedMain] com.pets.petcare.PetcareApplication      : Running with Spring Boot v3.5.8, Spring v6.2.14
2026-01-10T19:36:16.588+05:30  INFO 21348 --- [petcare-backend] [restartedMain] com.pets.petcare.PetcareApplication      : No active profile set, falling back to 1 default profile: "default"
2026-01-10T19:36:16.857+05:30  INFO 21348 --- [petcare-backend] [restartedMain] .s.d.r.c.RepositoryConfigurationDelegate : Bootstrapping Spring Data JPA repositories in DEFAULT mode.
2026-01-10T19:36:16.921+05:30  INFO 21348 --- [petcare-backend] [restartedMain] .s.d.r.c.RepositoryConfigurationDelegate : Finished Spring Data repository scanning in 66 ms. Found 21 JPA repository interfaces.
2026-01-10T19:36:17.047+05:30  INFO 21348 --- [petcare-backend] [restartedMain] o.s.b.w.embedded.tomcat.TomcatWebServer  : Tomcat initialized with port 8080 (http)
2026-01-10T19:36:17.047+05:30  INFO 21348 --- [petcare-backend] [restartedMain] o.apache.catalina.core.StandardService   : Starting service [Tomcat]
2026-01-10T19:36:17.047+05:30  INFO 21348 --- [petcare-backend] [restartedMain] o.apache.catalina.core.StandardEngine    : Starting Servlet engine: [Apache Tomcat/10.1.49]
2026-01-10T19:36:17.069+05:30  INFO 21348 --- [petcare-backend] [restartedMain] o.a.c.c.C.[Tomcat].[localhost].[/]       : Initializing Spring embedded WebApplicationContext
2026-01-10T19:36:17.069+05:30  INFO 21348 --- [petcare-backend] [restartedMain] w.s.c.ServletWebServerApplicationContext : Root WebApplicationContext: initialization completed in 465 ms
2026-01-10T19:36:17.097+05:30 DEBUG 21348 --- [petcare-backend] [restartedMain] c.p.p.security.JwtAuthenticationFilter   : Filter 'jwtAuthenticationFilter' configured for use
2026-01-10T19:36:17.155+05:30  INFO 21348 --- [petcare-backend] [restartedMain] o.hibernate.jpa.internal.util.LogHelper  : HHH000204: Processing PersistenceUnitInfo [name: default]
2026-01-10T19:36:17.155+05:30  INFO 21348 --- [petcare-backend] [restartedMain] o.h.c.internal.RegionFactoryInitiator    : HHH000026: Second-level cache disabled
2026-01-10T19:36:17.155+05:30  INFO 21348 --- [petcare-backend] [restartedMain] o.s.o.j.p.SpringPersistenceUnitInfo      : No LoadTimeWeaver setup: ignoring JPA class transformer
2026-01-10T19:36:17.155+05:30  INFO 21348 --- [petcare-backend] [restartedMain] com.zaxxer.hikari.HikariDataSource       : HikariPool-2 - Starting...
2026-01-10T19:36:17.175+05:30  INFO 21348 --- [petcare-backend] [restartedMain] com.zaxxer.hikari.pool.HikariPool        : HikariPool-2 - Added connection com.mysql.cj.jdbc.ConnectionImpl@229916b7
2026-01-10T19:36:17.175+05:30  INFO 21348 --- [petcare-backend] [restartedMain] com.zaxxer.hikari.HikariDataSource       : HikariPool-2 - Start completed.
2026-01-10T19:36:17.175+05:30  WARN 21348 --- [petcare-backend] [restartedMain] org.hibernate.orm.deprecation            : HHH90000025: MySQL8Dialect does not need to be specified explicitly using 'hibernate.dialect' (remove the property setting and it will be selected by default)
2026-01-10T19:36:17.175+05:30  WARN 21348 --- [petcare-backend] [restartedMain] org.hibernate.orm.deprecation            : HHH90000026: MySQL8Dialect has been deprecated; use org.hibernate.dialect.MySQLDialect instead
2026-01-10T19:36:17.175+05:30  INFO 21348 --- [petcare-backend] [restartedMain] org.hibernate.orm.connections.pooling    : HHH10001005: Database info:
	Database JDBC URL [Connecting through datasource 'HikariDataSource (HikariPool-2)']
	Database driver: undefined/unknown
	Database version: 8.0
	Autocommit mode: undefined/unknown
	Isolation level: undefined/unknown
	Minimum pool size: undefined/unknown
	Maximum pool size: undefined/unknown
2026-01-10T19:36:17.386+05:30  INFO 21348 --- [petcare-backend] [restartedMain] o.h.e.t.j.p.i.JtaPlatformInitiator       : HHH000489: No JTA platform available (set 'hibernate.transaction.jta.platform' to enable JTA platform integration)
2026-01-10T19:36:17.486+05:30  INFO 21348 --- [petcare-backend] [restartedMain] j.LocalContainerEntityManagerFactoryBean : Initialized JPA EntityManagerFactory for persistence unit 'default'
2026-01-10T19:36:19.154+05:30 ERROR 21348 --- [petcare-backend] [restartedMain] com.paypal.base.HttpConnection           : Response code: 401	Error response: {"error":"invalid_client","error_description":"Client Authentication failed"}
2026-01-10T19:36:19.156+05:30  WARN 21348 --- [petcare-backend] [restartedMain] com.pets.petcare.config.PayPalConfig     : Failed to initialize PayPal API context: Response code: 401	Error response: {"error":"invalid_client","error_description":"Client Authentication failed"}. Using mock mode.
2026-01-10T19:36:19.301+05:30  WARN 21348 --- [petcare-backend] [restartedMain] JpaBaseConfiguration$JpaWebConfiguration : spring.jpa.open-in-view is enabled by default. Therefore, database queries may be performed during view rendering. Explicitly configure spring.jpa.open-in-view to disable this warning
2026-01-10T19:36:19.421+05:30  WARN 21348 --- [petcare-backend] [restartedMain] .s.s.UserDetailsServiceAutoConfiguration : 

Using generated security password: 0d93a1e5-bc3b-4e8f-9ac8-ec6904a1e0fc

This generated password is for development use only. Your security configuration must be updated before running your application in production.

2026-01-10T19:36:19.421+05:30  INFO 21348 --- [petcare-backend] [restartedMain] r$InitializeUserDetailsManagerConfigurer : Global AuthenticationManager configured with UserDetailsService bean with name inMemoryUserDetailsManager
2026-01-10T19:36:19.440+05:30  WARN 21348 --- [petcare-backend] [restartedMain] thorizationManagerRequestMatcherRegistry : One of the patterns in [PUT, /api/vendors/*/orders/*/status] is missing a leading slash. This is discouraged; please include the leading slash in all your request matcher patterns. In future versions of Spring Security, leaving out the leading slash will result in an exception.
2026-01-10T19:36:19.442+05:30  WARN 21348 --- [petcare-backend] [restartedMain] thorizationManagerRequestMatcherRegistry : One of the patterns in [OPTIONS, /api/vendors/**] is missing a leading slash. This is discouraged; please include the leading slash in all your request matcher patterns. In future versions of Spring Security, leaving out the leading slash will result in an exception.
2026-01-10T19:36:19.446+05:30  WARN 21348 --- [petcare-backend] [restartedMain] thorizationManagerRequestMatcherRegistry : One of the patterns in [GET, /api/products/**] is missing a leading slash. This is discouraged; please include the leading slash in all your request matcher patterns. In future versions of Spring Security, leaving out the leading slash will result in an exception.
2026-01-10T19:36:19.562+05:30  INFO 21348 --- [petcare-backend] [restartedMain] o.s.b.d.a.OptionalLiveReloadServer       : LiveReload server is running on port 35729
2026-01-10T19:36:19.574+05:30  INFO 21348 --- [petcare-backend] [restartedMain] o.s.b.w.embedded.tomcat.TomcatWebServer  : Tomcat started on port 8080 (http) with context path '/'
2026-01-10T19:36:19.578+05:30  INFO 21348 --- [petcare-backend] [restartedMain] com.pets.petcare.PetcareApplication      : Started PetcareApplication in 2.998 seconds (process running for 117.799)
2026-01-10T19:36:19.582+05:30  INFO 21348 --- [petcare-backend] [restartedMain] .ConditionEvaluationDeltaLoggingListener : Condition evaluation unchanged
2026-01-10T19:36:19.605+05:30 DEBUG 21348 --- [petcare-backend] [scheduling-1] c.p.petcare.service.OtpCleanupScheduler  : Starting hourly OTP cleanup...
2026-01-10T19:36:19.610+05:30  INFO 21348 --- [petcare-backend] [scheduling-1] com.pets.petcare.service.OtpService      : Cleaned up 0 expired OTPs older than 24 hours
2026-01-10T19:36:19.610+05:30 DEBUG 21348 --- [petcare-backend] [scheduling-1] c.p.petcare.service.OtpCleanupScheduler  : Hourly OTP cleanup completed
2026-01-10T19:38:03.316+05:30  INFO 21348 --- [petcare-backend] [http-nio-8080-exec-1] o.a.c.c.C.[Tomcat].[localhost].[/]       : Initializing Spring DispatcherServlet 'dispatcherServlet'
2026-01-10T19:38:03.325+05:30  INFO 21348 --- [petcare-backend] [http-nio-8080-exec-1] o.s.web.servlet.DispatcherServlet        : Initializing Servlet 'dispatcherServlet'
2026-01-10T19:38:03.327+05:30  INFO 21348 --- [petcare-backend] [http-nio-8080-exec-1] o.s.web.servlet.DispatcherServlet        : Completed initialization in 1 ms
2026-01-10T19:39:02.690+05:30  INFO 21348 --- [petcare-backend] [http-nio-8080-exec-7] c.p.petcare.controller.AuthController    : >>> [AuthController] Received LOGIN OTP request for: bunny123bhargavi@gmail.com
2026-01-10T19:39:02.693+05:30  INFO 21348 --- [petcare-backend] [http-nio-8080-exec-7] com.pets.petcare.service.AuthService     : Initiating login for email: bunny123bhargavi@gmail.com
2026-01-10T19:39:02.696+05:30  INFO 21348 --- [petcare-backend] [http-nio-8080-exec-7] com.pets.petcare.service.AuthService     : User found and active, generating OTP for: bunny123bhargavi@gmail.com
2026-01-10T19:39:02.696+05:30  INFO 21348 --- [petcare-backend] [http-nio-8080-exec-7] com.pets.petcare.service.OtpService      : Generating OTP for email: bunny123bhargavi@gmail.com with type: LOGIN
2026-01-10T19:39:02.696+05:30  INFO 21348 --- [petcare-backend] [http-nio-8080-exec-7] com.pets.petcare.service.OtpService      : Cleaned up 1 expired OTPs for email: bunny123bhargavi@gmail.com
2026-01-10T19:39:02.696+05:30  INFO 21348 --- [petcare-backend] [http-nio-8080-exec-7] com.pets.petcare.service.OtpService      : Found 0 existing unused OTPs for email: bunny123bhargavi@gmail.com
2026-01-10T19:39:02.712+05:30 DEBUG 21348 --- [petcare-backend] [http-nio-8080-exec-7] com.pets.petcare.service.OtpService      : Generated new OTP for email: bunny123bhargavi@gmail.com
2026-01-10T19:39:02.713+05:30  INFO 21348 --- [petcare-backend] [http-nio-8080-exec-7] com.pets.petcare.service.OtpService      : Saved OTP token with ID: 260 for email: bunny123bhargavi@gmail.com
2026-01-10T19:39:02.713+05:30  INFO 21348 --- [petcare-backend] [http-nio-8080-exec-7] com.pets.petcare.service.EmailService    : Generating OTP for bunny123bhargavi@gmail.com: 857543
2026-01-10T19:39:07.363+05:30  INFO 21348 --- [petcare-backend] [http-nio-8080-exec-7] com.pets.petcare.service.EmailService    : OTP email sent successfully to: bunny123bhargavi@gmail.com
2026-01-10T19:39:07.363+05:30  INFO 21348 --- [petcare-backend] [http-nio-8080-exec-7] com.pets.petcare.service.OtpService      : OTP generated and sent successfully to: bunny123bhargavi@gmail.com
2026-01-10T19:39:29.420+05:30  INFO 21348 --- [petcare-backend] [http-nio-8080-exec-1] com.pets.petcare.service.OtpService      : OTP verified successfully for email: bunny123bhargavi@gmail.com
2026-01-10T19:39:29.431+05:30  INFO 21348 --- [petcare-backend] [http-nio-8080-exec-1] com.pets.petcare.service.AuthService     : User logged in successfully: bunny123bhargavi@gmail.com
