
  .   ____          _            __ _ _
 /\\ / ___'_ __ _ _(_)_ __  __ _ \ \ \ \
( ( )\___ | '_ | '_| | '_ \/ _` | \ \ \ \
 \\/  ___)| |_)| | | | | || (_| |  ) ) ) )
  '  |____| .__|_| |_|_| |_\__, | / / / /
 =========|_|==============|___/=/_/_/_/

 :: Spring Boot ::                (v3.5.8)

2025-12-12T14:01:21.182+05:30  INFO 12948 --- [petcare-backend] [           main] com.pets.petcare.PetcareApplication      : Starting PetcareApplication v0.0.1-SNAPSHOT using Java 17.0.15 with PID 12948 (C:\Users\bharg\Desktop\Project-PetCare\petcare\target\PetCare-0.0.1-SNAPSHOT.jar started by bharg in C:\Users\bharg\Desktop\Project-PetCare\petcare)
2025-12-12T14:01:21.187+05:30 DEBUG 12948 --- [petcare-backend] [           main] com.pets.petcare.PetcareApplication      : Running with Spring Boot v3.5.8, Spring v6.2.14
2025-12-12T14:01:21.187+05:30  INFO 12948 --- [petcare-backend] [           main] com.pets.petcare.PetcareApplication      : No active profile set, falling back to 1 default profile: "default"
2025-12-12T14:01:22.994+05:30  INFO 12948 --- [petcare-backend] [           main] .s.d.r.c.RepositoryConfigurationDelegate : Bootstrapping Spring Data JPA repositories in DEFAULT mode.
2025-12-12T14:01:23.121+05:30  INFO 12948 --- [petcare-backend] [           main] .s.d.r.c.RepositoryConfigurationDelegate : Finished Spring Data repository scanning in 100 ms. Found 11 JPA repository interfaces.
2025-12-12T14:01:24.518+05:30  INFO 12948 --- [petcare-backend] [           main] o.s.b.w.embedded.tomcat.TomcatWebServer  : Tomcat initialized with port 8080 (http)
2025-12-12T14:01:24.553+05:30  INFO 12948 --- [petcare-backend] [           main] o.apache.catalina.core.StandardService   : Starting service [Tomcat]
2025-12-12T14:01:24.554+05:30  INFO 12948 --- [petcare-backend] [           main] o.apache.catalina.core.StandardEngine    : Starting Servlet engine: [Apache Tomcat/10.1.49]
2025-12-12T14:01:24.654+05:30  INFO 12948 --- [petcare-backend] [           main] o.a.c.c.C.[Tomcat].[localhost].[/]       : Initializing Spring embedded WebApplicationContext
2025-12-12T14:01:24.654+05:30  INFO 12948 --- [petcare-backend] [           main] w.s.c.ServletWebServerApplicationContext : Root WebApplicationContext: initialization completed in 3369 ms
2025-12-12T14:01:24.816+05:30 DEBUG 12948 --- [petcare-backend] [           main] c.p.p.security.JwtAuthenticationFilter   : Filter 'jwtAuthenticationFilter' configured for use
2025-12-12T14:01:25.135+05:30  INFO 12948 --- [petcare-backend] [           main] o.hibernate.jpa.internal.util.LogHelper  : HHH000204: Processing PersistenceUnitInfo [name: default]
2025-12-12T14:01:25.228+05:30  INFO 12948 --- [petcare-backend] [           main] org.hibernate.Version                    : HHH000412: Hibernate ORM core version 6.6.36.Final
2025-12-12T14:01:25.287+05:30  INFO 12948 --- [petcare-backend] [           main] o.h.c.internal.RegionFactoryInitiator    : HHH000026: Second-level cache disabled
2025-12-12T14:01:25.735+05:30  INFO 12948 --- [petcare-backend] [           main] o.s.o.j.p.SpringPersistenceUnitInfo      : No LoadTimeWeaver setup: ignoring JPA class transformer
2025-12-12T14:01:25.803+05:30  INFO 12948 --- [petcare-backend] [           main] com.zaxxer.hikari.HikariDataSource       : HikariPool-1 - Starting...
2025-12-12T14:01:26.294+05:30  INFO 12948 --- [petcare-backend] [           main] com.zaxxer.hikari.pool.HikariPool        : HikariPool-1 - Added connection com.mysql.cj.jdbc.ConnectionImpl@12d44a2a
2025-12-12T14:01:26.297+05:30  INFO 12948 --- [petcare-backend] [           main] com.zaxxer.hikari.HikariDataSource       : HikariPool-1 - Start completed.
2025-12-12T14:01:26.379+05:30  WARN 12948 --- [petcare-backend] [           main] org.hibernate.orm.deprecation            : HHH90000025: MySQL8Dialect does not need to be specified explicitly using 'hibernate.dialect' (remove the property setting and it will be selected by default)
2025-12-12T14:01:26.383+05:30  WARN 12948 --- [petcare-backend] [           main] org.hibernate.orm.deprecation            : HHH90000026: MySQL8Dialect has been deprecated; use org.hibernate.dialect.MySQLDialect instead
2025-12-12T14:01:26.422+05:30  INFO 12948 --- [petcare-backend] [           main] org.hibernate.orm.connections.pooling    : HHH10001005: Database info:
	Database JDBC URL [Connecting through datasource 'HikariDataSource (HikariPool-1)']
	Database driver: undefined/unknown
	Database version: 8.0
	Autocommit mode: undefined/unknown
	Isolation level: undefined/unknown
	Minimum pool size: undefined/unknown
	Maximum pool size: undefined/unknown
2025-12-12T14:01:27.942+05:30  INFO 12948 --- [petcare-backend] [           main] o.h.e.t.j.p.i.JtaPlatformInitiator       : HHH000489: No JTA platform available (set 'hibernate.transaction.jta.platform' to enable JTA platform integration)
2025-12-12T14:01:28.179+05:30  INFO 12948 --- [petcare-backend] [           main] j.LocalContainerEntityManagerFactoryBean : Initialized JPA EntityManagerFactory for persistence unit 'default'
2025-12-12T14:01:29.729+05:30  WARN 12948 --- [petcare-backend] [           main] ConfigServletWebServerApplicationContext : Exception encountered during context initialization - cancelling refresh attempt: org.springframework.beans.factory.UnsatisfiedDependencyException: Error creating bean with name 'vetController' defined in URL [jar:nested:/C:/Users/bharg/Desktop/Project-PetCare/petcare/target/PetCare-0.0.1-SNAPSHOT.jar/!BOOT-INF/classes/!/com/pets/petcare/controller/VetController.class]: Unsatisfied dependency expressed through constructor parameter 0: Error creating bean with name 'veterinarianService' defined in URL [jar:nested:/C:/Users/bharg/Desktop/Project-PetCare/petcare/target/PetCare-0.0.1-SNAPSHOT.jar/!BOOT-INF/classes/!/com/pets/petcare/service/VeterinarianService.class]: Unsatisfied dependency expressed through constructor parameter 2: No qualifying bean of type 'org.springframework.security.crypto.password.PasswordEncoder' available: expected at least 1 bean which qualifies as autowire candidate. Dependency annotations: {}
2025-12-12T14:01:29.733+05:30  INFO 12948 --- [petcare-backend] [           main] j.LocalContainerEntityManagerFactoryBean : Closing JPA EntityManagerFactory for persistence unit 'default'
2025-12-12T14:01:29.738+05:30  INFO 12948 --- [petcare-backend] [           main] com.zaxxer.hikari.HikariDataSource       : HikariPool-1 - Shutdown initiated...
2025-12-12T14:01:29.758+05:30  INFO 12948 --- [petcare-backend] [           main] com.zaxxer.hikari.HikariDataSource       : HikariPool-1 - Shutdown completed.
2025-12-12T14:01:29.763+05:30  INFO 12948 --- [petcare-backend] [           main] o.apache.catalina.core.StandardService   : Stopping service [Tomcat]
2025-12-12T14:01:29.789+05:30  INFO 12948 --- [petcare-backend] [           main] .s.b.a.l.ConditionEvaluationReportLogger : 

Error starting ApplicationContext. To display the condition evaluation report re-run your application with 'debug' enabled.
2025-12-12T14:01:29.855+05:30 ERROR 12948 --- [petcare-backend] [           main] o.s.b.d.LoggingFailureAnalysisReporter   : 

***************************
APPLICATION FAILED TO START
***************************

Description:

Parameter 2 of constructor in com.pets.petcare.service.VeterinarianService required a bean of type 'org.springframework.security.crypto.password.PasswordEncoder' that could not be found.


Action:

Consider defining a bean of type 'org.springframework.security.crypto.password.PasswordEncoder' in your configuration.

